Using pre-set license
Built from '2020.3/staging' branch; Version is '2020.3.11f1 (99c7afb366b3) revision 10078127'; Using compiler version '192528614'; Build Type 'Release'
OS: 'Windows 10 Pro; OS build 22621.1702; Version 2009; 64bit' Language: 'en' Physical Memory: 16122 MB
BatchMode: 1, IsHumanControllingUs: 0, StartBugReporterOnCrash: 0, Is64bit: 1, IsPro: 0

 COMMAND LINE ARGUMENTS:
C:\Program Files\Unity\Hub\Editor\2020.3.11f1\Editor\Unity.exe
-adb2
-batchMode
-noUpm
-name
AssetImportWorker0
-projectPath
C:/Unity/Photon Training
-logFile
Logs/AssetImportWorker0.log
-srvPort
62200
Successfully changed project path to: C:/Unity/Photon Training
C:/Unity/Photon Training
Using Asset Import Pipeline V2.
Refreshing native plugins compatible for Editor in 23.54 ms, found 2 plugins.
Preloading 0 native plugins for Editor in 0.00 ms.
Initialize engine version: 2020.3.11f1 (99c7afb366b3)
[Subsystems] Discovering subsystems at path C:/Program Files/Unity/Hub/Editor/2020.3.11f1/Editor/Data/Resources/UnitySubsystems
[Subsystems] Discovering subsystems at path C:/Unity/Photon Training/Assets
GfxDevice: creating device client; threaded=0
Direct3D:
    Version:  Direct3D 11.0 [level 11.1]
    Renderer: NVIDIA GeForce RTX 3060 Laptop GPU (ID=0x2520)
    Vendor:   
    VRAM:     6023 MB
    Driver:   31.0.15.1720
Initialize mono
Mono path[0] = 'C:/Program Files/Unity/Hub/Editor/2020.3.11f1/Editor/Data/Managed'
Mono path[1] = 'C:/Program Files/Unity/Hub/Editor/2020.3.11f1/Editor/Data/MonoBleedingEdge/lib/mono/unityjit'
Mono config path = 'C:/Program Files/Unity/Hub/Editor/2020.3.11f1/Editor/Data/MonoBleedingEdge/etc'
Using monoOptions --debugger-agent=transport=dt_socket,embedding=1,server=y,suspend=n,address=127.0.0.1:56848
Begin MonoManager ReloadAssembly
Registering precompiled unity dll's ...
Register platform support module: C:/Program Files/Unity/Hub/Editor/2020.3.11f1/Editor/Data/PlaybackEngines/WebGLSupport/UnityEditor.WebGL.Extensions.dll
Register platform support module: C:/Program Files/Unity/Hub/Editor/2020.3.11f1/Editor/Data/PlaybackEngines/WindowsStandaloneSupport/UnityEditor.WindowsStandalone.Extensions.dll
Registered in 0.001112 seconds.
Native extension for WindowsStandalone target not found
Native extension for WebGL target not found
Refreshing native plugins compatible for Editor in 23.30 ms, found 2 plugins.
Preloading 0 native plugins for Editor in 0.00 ms.
Mono: successfully reloaded assembly
- Completed reload, in  0.860 seconds
Platform modules already initialized, skipping
Registering precompiled user dll's ...
Registered in 0.002880 seconds.
Begin MonoManager ReloadAssembly
Native extension for WindowsStandalone target not found
Native extension for WebGL target not found
Refreshing native plugins compatible for Editor in 0.34 ms, found 2 plugins.
Preloading 0 native plugins for Editor in 0.00 ms.
Mono: successfully reloaded assembly
- Completed reload, in  0.740 seconds
Platform modules already initialized, skipping
========================================================================
Worker process is ready to serve import requests
Launched and connected shader compiler UnityShaderCompiler.exe after 0.03 seconds
Refreshing native plugins compatible for Editor in 0.39 ms, found 2 plugins.
Preloading 0 native plugins for Editor in 0.00 ms.
Unloading 1614 Unused Serialized files (Serialized files now loaded: 0)
System memory in use before: 73.0 MB.
System memory in use after: 73.1 MB.

Unloading 25 unused Assets to reduce memory usage. Loaded Objects now: 2043.
Total: 1.568700 ms (FindLiveObjects: 0.171100 ms CreateObjectMapping: 0.026700 ms MarkObjects: 1.300200 ms  DeleteObjects: 0.069900 ms)

========================================================================
Received Import Request.
  path: Assets/Resources/PhotonPrefabs/PlayerAvatar.prefab
  artifactKey: Guid(c474277828a45cb41af1c2eb86d77a00) Importer(815301076,1909f56bfc062723c751e8b465ee728b)
Start importing Assets/Resources/PhotonPrefabs/PlayerAvatar.prefab using Guid(c474277828a45cb41af1c2eb86d77a00) Importer(815301076,1909f56bfc062723c751e8b465ee728b)  -> (artifact id: '4ad739f5b6d984e217107e15273ed769') in 0.090503 seconds
  Import took 0.093249 seconds .

========================================================================
Received Import Request.
  Time since last request: 18.582495 seconds.
  path: Assets/Resources/PhotonPrefabs/PlayerAvatar 1.prefab
  artifactKey: Guid(0d17038401b20804a8f882400722e37a) Importer(815301076,1909f56bfc062723c751e8b465ee728b)
Start importing Assets/Resources/PhotonPrefabs/PlayerAvatar 1.prefab using Guid(0d17038401b20804a8f882400722e37a) Importer(815301076,1909f56bfc062723c751e8b465ee728b)  -> (artifact id: '8ca34af99fc893e685280541cab116b8') in 0.010261 seconds
  Import took 0.013142 seconds .

========================================================================
Received Import Request.
  Time since last request: 1.342599 seconds.
  path: Assets/Resources/PhotonPrefabs/PlayerAvatar 2.prefab
  artifactKey: Guid(f67e9e488c48a4344ac9be42cdc04097) Importer(815301076,1909f56bfc062723c751e8b465ee728b)
Start importing Assets/Resources/PhotonPrefabs/PlayerAvatar 2.prefab using Guid(f67e9e488c48a4344ac9be42cdc04097) Importer(815301076,1909f56bfc062723c751e8b465ee728b)  -> (artifact id: '784e5f70e321b9df98abc3765925d740') in 0.009965 seconds
  Import took 0.012308 seconds .

========================================================================
Received Import Request.
  Time since last request: 0.407062 seconds.
  path: Assets/Resources/PhotonPrefabs/PlayerAvatar 3.prefab
  artifactKey: Guid(cb52784ed19ff004684f50c3bc4ee8a6) Importer(815301076,1909f56bfc062723c751e8b465ee728b)
Start importing Assets/Resources/PhotonPrefabs/PlayerAvatar 3.prefab using Guid(cb52784ed19ff004684f50c3bc4ee8a6) Importer(815301076,1909f56bfc062723c751e8b465ee728b)  -> (artifact id: 'fc436497ad697eef226a7d2b77c5740a') in 0.010034 seconds
  Import took 0.012618 seconds .

========================================================================
Received Import Request.
  Time since last request: 0.336498 seconds.
  path: Assets/Resources/PhotonPrefabs/PlayerAvatar 4.prefab
  artifactKey: Guid(3b5dc550ec7b5d840ab7440a26c46827) Importer(815301076,1909f56bfc062723c751e8b465ee728b)
Start importing Assets/Resources/PhotonPrefabs/PlayerAvatar 4.prefab using Guid(3b5dc550ec7b5d840ab7440a26c46827) Importer(815301076,1909f56bfc062723c751e8b465ee728b)  -> (artifact id: '4f4efdd794a587e16f5135d92bcd1358') in 0.010501 seconds
  Import took 0.013303 seconds .

========================================================================
Received Import Request.
  Time since last request: 16.280273 seconds.
  path: Assets/Resources/PhotonPrefabs/RedPlayer.prefab
  artifactKey: Guid(0d17038401b20804a8f882400722e37a) Importer(815301076,1909f56bfc062723c751e8b465ee728b)
Start importing Assets/Resources/PhotonPrefabs/RedPlayer.prefab using Guid(0d17038401b20804a8f882400722e37a) Importer(815301076,1909f56bfc062723c751e8b465ee728b)  -> (artifact id: '934f2b545f12cdd6c4d9285d9fb4c504') in 0.010505 seconds
  Import took 0.013033 seconds .

========================================================================
Received Import Request.
  Time since last request: 6.484094 seconds.
  path: Assets/Resources/PhotonPrefabs/BluePlayer.prefab
  artifactKey: Guid(f67e9e488c48a4344ac9be42cdc04097) Importer(815301076,1909f56bfc062723c751e8b465ee728b)
Start importing Assets/Resources/PhotonPrefabs/BluePlayer.prefab using Guid(f67e9e488c48a4344ac9be42cdc04097) Importer(815301076,1909f56bfc062723c751e8b465ee728b)  -> (artifact id: 'd17bba144216ffcb828292a3f294d459') in 0.009716 seconds
  Import took 0.012646 seconds .

========================================================================
Received Import Request.
  Time since last request: 9.745938 seconds.
  path: Assets/Resources/PhotonPrefabs/GreenPlayer.prefab
  artifactKey: Guid(cb52784ed19ff004684f50c3bc4ee8a6) Importer(815301076,1909f56bfc062723c751e8b465ee728b)
Start importing Assets/Resources/PhotonPrefabs/GreenPlayer.prefab using Guid(cb52784ed19ff004684f50c3bc4ee8a6) Importer(815301076,1909f56bfc062723c751e8b465ee728b)  -> (artifact id: 'c704de8b7222b49dd995e64359425557') in 0.010750 seconds
  Import took 0.013288 seconds .

========================================================================
Received Import Request.
  Time since last request: 7.005205 seconds.
  path: Assets/Resources/PhotonPrefabs/PurplePlayer.prefab
  artifactKey: Guid(3b5dc550ec7b5d840ab7440a26c46827) Importer(815301076,1909f56bfc062723c751e8b465ee728b)
Start importing Assets/Resources/PhotonPrefabs/PurplePlayer.prefab using Guid(3b5dc550ec7b5d840ab7440a26c46827) Importer(815301076,1909f56bfc062723c751e8b465ee728b)  -> (artifact id: 'f0efb95a86ece698c7936e9ea2e2b1dc') in 0.010558 seconds
  Import took 0.012943 seconds .

========================================================================
Received Import Request.
  Time since last request: 15.687112 seconds.
  path: Assets/Materials
  artifactKey: Guid(098538eeead6f3a4fbc301b7462b313a) Importer(815301076,1909f56bfc062723c751e8b465ee728b)
Start importing Assets/Materials using Guid(098538eeead6f3a4fbc301b7462b313a) Importer(815301076,1909f56bfc062723c751e8b465ee728b)  -> (artifact id: 'e5a2391c67e97511898f40674c84bf2f') in 0.005972 seconds
  Import took 0.008881 seconds .

========================================================================
Received Import Request.
  Time since last request: 0.001016 seconds.
  path: Assets/Materials
  artifactKey: Guid(098538eeead6f3a4fbc301b7462b313a) Importer(815301076,1909f56bfc062723c751e8b465ee728b)
Start importing Assets/Materials using Guid(098538eeead6f3a4fbc301b7462b313a) Importer(815301076,1909f56bfc062723c751e8b465ee728b)  -> (artifact id: 'e5a2391c67e97511898f40674c84bf2f') in 0.001676 seconds
  Import took 0.003803 seconds .

========================================================================
Received Import Request.
  Time since last request: 59.016909 seconds.
  path: Assets/Scripts/Game Controllers/PhotonPlayer.cs
  artifactKey: Guid(408a865574037c44090608eb6e1b71b5) Importer(815301076,1909f56bfc062723c751e8b465ee728b)
Start importing Assets/Scripts/Game Controllers/PhotonPlayer.cs using Guid(408a865574037c44090608eb6e1b71b5) Importer(815301076,1909f56bfc062723c751e8b465ee728b)  -> (artifact id: '89b8435ea784112d93d9fab37402c688') in 0.007721 seconds
  Import took 0.010268 seconds .

========================================================================
Received Import Request.
  Time since last request: 124.497187 seconds.
  path: Assets/Resources/PhotonPrefabs/BluePlayer.prefab
  artifactKey: Guid(f67e9e488c48a4344ac9be42cdc04097) Importer(815301076,1909f56bfc062723c751e8b465ee728b)
Start importing Assets/Resources/PhotonPrefabs/BluePlayer.prefab using Guid(f67e9e488c48a4344ac9be42cdc04097) Importer(815301076,1909f56bfc062723c751e8b465ee728b)  -> (artifact id: '70986a61470c860e7da307953e3143c8') in 0.009540 seconds
  Import took 0.012306 seconds .

========================================================================
Received Import Request.
  Time since last request: 4.088375 seconds.
  path: Assets/Resources/PhotonPrefabs/BluePlayer.prefab
  artifactKey: Guid(f67e9e488c48a4344ac9be42cdc04097) Importer(815301076,1909f56bfc062723c751e8b465ee728b)
Start importing Assets/Resources/PhotonPrefabs/BluePlayer.prefab using Guid(f67e9e488c48a4344ac9be42cdc04097) Importer(815301076,1909f56bfc062723c751e8b465ee728b)  -> (artifact id: 'db42088f1968a3905ec587787d5eaadb') in 0.009185 seconds
  Import took 0.011499 seconds .

========================================================================
Received Import Request.
  Time since last request: 1.432280 seconds.
  path: Assets/Resources/PhotonPrefabs/GreenPlayer.prefab
  artifactKey: Guid(cb52784ed19ff004684f50c3bc4ee8a6) Importer(815301076,1909f56bfc062723c751e8b465ee728b)
Start importing Assets/Resources/PhotonPrefabs/GreenPlayer.prefab using Guid(cb52784ed19ff004684f50c3bc4ee8a6) Importer(815301076,1909f56bfc062723c751e8b465ee728b)  -> (artifact id: '2c2ae454f5b6fcc90f4b2aa026f3cf7f') in 0.009030 seconds
  Import took 0.011489 seconds .

========================================================================
Received Import Request.
  Time since last request: 15.433068 seconds.
  path: Assets/Resources/PhotonPrefabs/PurplePlayer.prefab
  artifactKey: Guid(3b5dc550ec7b5d840ab7440a26c46827) Importer(815301076,1909f56bfc062723c751e8b465ee728b)
Start importing Assets/Resources/PhotonPrefabs/PurplePlayer.prefab using Guid(3b5dc550ec7b5d840ab7440a26c46827) Importer(815301076,1909f56bfc062723c751e8b465ee728b)  -> (artifact id: '9c31008768d22a25e3fc34ac604dbebe') in 0.010020 seconds
  Import took 0.012321 seconds .

========================================================================
Received Import Request.
  Time since last request: 0.000923 seconds.
  path: Assets/Resources/PhotonPrefabs/PurplePlayer.prefab
  artifactKey: Guid(3b5dc550ec7b5d840ab7440a26c46827) Importer(815301076,1909f56bfc062723c751e8b465ee728b)
Start importing Assets/Resources/PhotonPrefabs/PurplePlayer.prefab using Guid(3b5dc550ec7b5d840ab7440a26c46827) Importer(815301076,1909f56bfc062723c751e8b465ee728b)  -> (artifact id: '9c31008768d22a25e3fc34ac604dbebe') in 0.005971 seconds
  Import took 0.008036 seconds .

========================================================================
Received Import Request.
  Time since last request: 3.630135 seconds.
  path: Assets/Resources/PhotonPrefabs/RedPlayer.prefab
  artifactKey: Guid(0d17038401b20804a8f882400722e37a) Importer(815301076,1909f56bfc062723c751e8b465ee728b)
Start importing Assets/Resources/PhotonPrefabs/RedPlayer.prefab using Guid(0d17038401b20804a8f882400722e37a) Importer(815301076,1909f56bfc062723c751e8b465ee728b)  -> (artifact id: '89fdc70da1c7406e78a8230a41b25a6f') in 0.009668 seconds
  Import took 0.013653 seconds .

========================================================================
Received Import Request.
  Time since last request: 41.772132 seconds.
  path: Assets/Scripts/Photon/PlayerInfo.cs
  artifactKey: Guid(fc83fc708058966459d653d622f897e1) Importer(815301076,1909f56bfc062723c751e8b465ee728b)
Start importing Assets/Scripts/Photon/PlayerInfo.cs using Guid(fc83fc708058966459d653d622f897e1) Importer(815301076,1909f56bfc062723c751e8b465ee728b)  -> (artifact id: '866d333007c07c074a033d627731895d') in 0.005413 seconds
  Import took 0.008211 seconds .

========================================================================
Received Prepare
Registering precompiled user dll's ...
Registered in 0.002852 seconds.
Begin MonoManager ReloadAssembly
Native extension for WindowsStandalone target not found
Native extension for WebGL target not found
Refreshing native plugins compatible for Editor in 0.45 ms, found 2 plugins.
Preloading 0 native plugins for Editor in 0.00 ms.
Mono: successfully reloaded assembly
- Completed reload, in  0.778 seconds
Platform modules already initialized, skipping
Refreshing native plugins compatible for Editor in 0.39 ms, found 2 plugins.
Preloading 0 native plugins for Editor in 0.00 ms.
Unloading 1609 Unused Serialized files (Serialized files now loaded: 0)
System memory in use before: 76.1 MB.
System memory in use after: 76.1 MB.

Unloading 20 unused Assets to reduce memory usage. Loaded Objects now: 2057.
Total: 1.922900 ms (FindLiveObjects: 0.123700 ms CreateObjectMapping: 0.026300 ms MarkObjects: 1.637900 ms  DeleteObjects: 0.133700 ms)

========================================================================
Received Prepare
Registering precompiled user dll's ...
Registered in 0.004357 seconds.
Begin MonoManager ReloadAssembly
Native extension for WindowsStandalone target not found
Native extension for WebGL target not found
Refreshing native plugins compatible for Editor in 0.38 ms, found 2 plugins.
Preloading 0 native plugins for Editor in 0.00 ms.
Mono: successfully reloaded assembly
- Completed reload, in  0.673 seconds
Platform modules already initialized, skipping
Refreshing native plugins compatible for Editor in 0.31 ms, found 2 plugins.
Preloading 0 native plugins for Editor in 0.00 ms.
Unloading 1609 Unused Serialized files (Serialized files now loaded: 0)
System memory in use before: 76.1 MB.
System memory in use after: 76.2 MB.

Unloading 19 unused Assets to reduce memory usage. Loaded Objects now: 2061.
Total: 1.520000 ms (FindLiveObjects: 0.108700 ms CreateObjectMapping: 0.025600 ms MarkObjects: 1.344200 ms  DeleteObjects: 0.040600 ms)

========================================================================
Received Import Request.
  Time since last request: 118.337762 seconds.
  path: Assets/Scripts/Photon/PlayerInfo.cs
  artifactKey: Guid(fc83fc708058966459d653d622f897e1) Importer(815301076,1909f56bfc062723c751e8b465ee728b)
Start importing Assets/Scripts/Photon/PlayerInfo.cs using Guid(fc83fc708058966459d653d622f897e1) Importer(815301076,1909f56bfc062723c751e8b465ee728b)  -> (artifact id: '959d29e9acfdad876e7ff19a90d56e9b') in 0.003307 seconds
  Import took 0.005705 seconds .

========================================================================
Received Prepare
Registering precompiled user dll's ...
Registered in 0.002535 seconds.
Begin MonoManager ReloadAssembly
Native extension for WindowsStandalone target not found
Native extension for WebGL target not found
Refreshing native plugins compatible for Editor in 0.36 ms, found 2 plugins.
Preloading 0 native plugins for Editor in 0.00 ms.
Mono: successfully reloaded assembly
- Completed reload, in  0.647 seconds
Platform modules already initialized, skipping
Refreshing native plugins compatible for Editor in 0.32 ms, found 2 plugins.
Preloading 0 native plugins for Editor in 0.00 ms.
Unloading 1609 Unused Serialized files (Serialized files now loaded: 0)
System memory in use before: 76.1 MB.
System memory in use after: 76.2 MB.

Unloading 19 unused Assets to reduce memory usage. Loaded Objects now: 2065.
Total: 1.425500 ms (FindLiveObjects: 0.105900 ms CreateObjectMapping: 0.026800 ms MarkObjects: 1.251900 ms  DeleteObjects: 0.040400 ms)

========================================================================
Received Prepare
Registering precompiled user dll's ...
Registered in 0.002513 seconds.
Begin MonoManager ReloadAssembly
Native extension for WindowsStandalone target not found
Native extension for WebGL target not found
Refreshing native plugins compatible for Editor in 0.40 ms, found 2 plugins.
Preloading 0 native plugins for Editor in 0.00 ms.
Mono: successfully reloaded assembly
- Completed reload, in  0.681 seconds
Platform modules already initialized, skipping
Refreshing native plugins compatible for Editor in 0.34 ms, found 2 plugins.
Preloading 0 native plugins for Editor in 0.00 ms.
Unloading 1609 Unused Serialized files (Serialized files now loaded: 0)
System memory in use before: 76.1 MB.
System memory in use after: 76.2 MB.

Unloading 19 unused Assets to reduce memory usage. Loaded Objects now: 2069.
Total: 1.471500 ms (FindLiveObjects: 0.106900 ms CreateObjectMapping: 0.025100 ms MarkObjects: 1.297100 ms  DeleteObjects: 0.041600 ms)

========================================================================
Received Prepare
Registering precompiled user dll's ...
Registered in 0.002888 seconds.
Begin MonoManager ReloadAssembly
Native extension for WindowsStandalone target not found
Native extension for WebGL target not found
Refreshing native plugins compatible for Editor in 0.33 ms, found 2 plugins.
Preloading 0 native plugins for Editor in 0.00 ms.
Mono: successfully reloaded assembly
- Completed reload, in  0.656 seconds
Platform modules already initialized, skipping
Refreshing native plugins compatible for Editor in 0.33 ms, found 2 plugins.
Preloading 0 native plugins for Editor in 0.00 ms.
Unloading 1609 Unused Serialized files (Serialized files now loaded: 0)
System memory in use before: 76.1 MB.
System memory in use after: 76.2 MB.

Unloading 19 unused Assets to reduce memory usage. Loaded Objects now: 2073.
Total: 1.484700 ms (FindLiveObjects: 0.108900 ms CreateObjectMapping: 0.026900 ms MarkObjects: 1.308100 ms  DeleteObjects: 0.040000 ms)

========================================================================
Received Prepare
Registering precompiled user dll's ...
Registered in 0.002906 seconds.
Begin MonoManager ReloadAssembly
Native extension for WindowsStandalone target not found
Native extension for WebGL target not found
Refreshing native plugins compatible for Editor in 0.34 ms, found 2 plugins.
Preloading 0 native plugins for Editor in 0.00 ms.
Mono: successfully reloaded assembly
- Completed reload, in  0.635 seconds
Platform modules already initialized, skipping
Refreshing native plugins compatible for Editor in 0.31 ms, found 2 plugins.
Preloading 0 native plugins for Editor in 0.00 ms.
Unloading 1609 Unused Serialized files (Serialized files now loaded: 0)
System memory in use before: 76.2 MB.
System memory in use after: 76.2 MB.

Unloading 19 unused Assets to reduce memory usage. Loaded Objects now: 2077.
Total: 1.433800 ms (FindLiveObjects: 0.103800 ms CreateObjectMapping: 0.025700 ms MarkObjects: 1.265600 ms  DeleteObjects: 0.038000 ms)

========================================================================
Received Prepare
Registering precompiled user dll's ...
Registered in 0.002444 seconds.
Begin MonoManager ReloadAssembly
Native extension for WindowsStandalone target not found
Native extension for WebGL target not found
Refreshing native plugins compatible for Editor in 0.34 ms, found 2 plugins.
Preloading 0 native plugins for Editor in 0.00 ms.
Mono: successfully reloaded assembly
- Completed reload, in  0.643 seconds
Platform modules already initialized, skipping
Refreshing native plugins compatible for Editor in 0.31 ms, found 2 plugins.
Preloading 0 native plugins for Editor in 0.00 ms.
Unloading 1609 Unused Serialized files (Serialized files now loaded: 0)
System memory in use before: 76.2 MB.
System memory in use after: 76.2 MB.

Unloading 19 unused Assets to reduce memory usage. Loaded Objects now: 2081.
Total: 1.415500 ms (FindLiveObjects: 0.107300 ms CreateObjectMapping: 0.025600 ms MarkObjects: 1.242400 ms  DeleteObjects: 0.039600 ms)

========================================================================
Received Prepare
Registering precompiled user dll's ...
Registered in 0.002671 seconds.
Begin MonoManager ReloadAssembly
Native extension for WindowsStandalone target not found
Native extension for WebGL target not found
Refreshing native plugins compatible for Editor in 0.35 ms, found 2 plugins.
Preloading 0 native plugins for Editor in 0.00 ms.
Mono: successfully reloaded assembly
- Completed reload, in  0.636 seconds
Platform modules already initialized, skipping
Refreshing native plugins compatible for Editor in 0.39 ms, found 2 plugins.
Preloading 0 native plugins for Editor in 0.00 ms.
Unloading 1609 Unused Serialized files (Serialized files now loaded: 0)
System memory in use before: 76.2 MB.
System memory in use after: 76.3 MB.

Unloading 19 unused Assets to reduce memory usage. Loaded Objects now: 2085.
Total: 1.463700 ms (FindLiveObjects: 0.109600 ms CreateObjectMapping: 0.026800 ms MarkObjects: 1.284700 ms  DeleteObjects: 0.041700 ms)

========================================================================
Received Prepare
Registering precompiled user dll's ...
Registered in 0.003440 seconds.
Begin MonoManager ReloadAssembly
Native extension for WindowsStandalone target not found
Native extension for WebGL target not found
Refreshing native plugins compatible for Editor in 0.45 ms, found 2 plugins.
Preloading 0 native plugins for Editor in 0.00 ms.
Mono: successfully reloaded assembly
- Completed reload, in  0.670 seconds
Platform modules already initialized, skipping
Refreshing native plugins compatible for Editor in 0.31 ms, found 2 plugins.
Preloading 0 native plugins for Editor in 0.00 ms.
Unloading 1609 Unused Serialized files (Serialized files now loaded: 0)
System memory in use before: 76.2 MB.
System memory in use after: 76.3 MB.

Unloading 19 unused Assets to reduce memory usage. Loaded Objects now: 2089.
Total: 1.513700 ms (FindLiveObjects: 0.117400 ms CreateObjectMapping: 0.025200 ms MarkObjects: 1.321700 ms  DeleteObjects: 0.048500 ms)

========================================================================
Received Prepare
Registering precompiled user dll's ...
Registered in 0.002820 seconds.
Begin MonoManager ReloadAssembly
Native extension for WindowsStandalone target not found
Native extension for WebGL target not found
Refreshing native plugins compatible for Editor in 0.39 ms, found 2 plugins.
Preloading 0 native plugins for Editor in 0.00 ms.
Mono: successfully reloaded assembly
- Completed reload, in  0.642 seconds
Platform modules already initialized, skipping
Refreshing native plugins compatible for Editor in 0.34 ms, found 2 plugins.
Preloading 0 native plugins for Editor in 0.00 ms.
Unloading 1609 Unused Serialized files (Serialized files now loaded: 0)
System memory in use before: 76.2 MB.
System memory in use after: 76.3 MB.

Unloading 19 unused Assets to reduce memory usage. Loaded Objects now: 2093.
Total: 1.662200 ms (FindLiveObjects: 0.112700 ms CreateObjectMapping: 0.025500 ms MarkObjects: 1.448300 ms  DeleteObjects: 0.074600 ms)

========================================================================
Received Prepare
Registering precompiled user dll's ...
Registered in 0.003137 seconds.
Begin MonoManager ReloadAssembly
Native extension for WindowsStandalone target not found
Native extension for WebGL target not found
Refreshing native plugins compatible for Editor in 0.34 ms, found 2 plugins.
Preloading 0 native plugins for Editor in 0.00 ms.
Mono: successfully reloaded assembly
- Completed reload, in  0.679 seconds
Platform modules already initialized, skipping
Refreshing native plugins compatible for Editor in 0.33 ms, found 2 plugins.
Preloading 0 native plugins for Editor in 0.00 ms.
Unloading 1609 Unused Serialized files (Serialized files now loaded: 0)
System memory in use before: 76.2 MB.
System memory in use after: 76.3 MB.

Unloading 19 unused Assets to reduce memory usage. Loaded Objects now: 2097.
Total: 1.468500 ms (FindLiveObjects: 0.110200 ms CreateObjectMapping: 0.027700 ms MarkObjects: 1.288000 ms  DeleteObjects: 0.042000 ms)

========================================================================
Received Prepare
Registering precompiled user dll's ...
Registered in 0.002894 seconds.
Begin MonoManager ReloadAssembly
Native extension for WindowsStandalone target not found
Native extension for WebGL target not found
Refreshing native plugins compatible for Editor in 0.33 ms, found 2 plugins.
Preloading 0 native plugins for Editor in 0.00 ms.
Mono: successfully reloaded assembly
- Completed reload, in  0.633 seconds
Platform modules already initialized, skipping
Refreshing native plugins compatible for Editor in 0.32 ms, found 2 plugins.
Preloading 0 native plugins for Editor in 0.00 ms.
Unloading 1609 Unused Serialized files (Serialized files now loaded: 0)
System memory in use before: 76.2 MB.
System memory in use after: 76.3 MB.

Unloading 19 unused Assets to reduce memory usage. Loaded Objects now: 2101.
Total: 1.458300 ms (FindLiveObjects: 0.104600 ms CreateObjectMapping: 0.027500 ms MarkObjects: 1.286700 ms  DeleteObjects: 0.038700 ms)

========================================================================
Received Prepare
Registering precompiled user dll's ...
Registered in 0.003750 seconds.
Begin MonoManager ReloadAssembly
Native extension for WindowsStandalone target not found
Native extension for WebGL target not found
Refreshing native plugins compatible for Editor in 0.35 ms, found 2 plugins.
Preloading 0 native plugins for Editor in 0.00 ms.
Mono: successfully reloaded assembly
- Completed reload, in  0.665 seconds
Platform modules already initialized, skipping
Refreshing native plugins compatible for Editor in 0.32 ms, found 2 plugins.
Preloading 0 native plugins for Editor in 0.00 ms.
Unloading 1609 Unused Serialized files (Serialized files now loaded: 0)
System memory in use before: 76.2 MB.
System memory in use after: 76.3 MB.

Unloading 19 unused Assets to reduce memory usage. Loaded Objects now: 2105.
Total: 1.492700 ms (FindLiveObjects: 0.112100 ms CreateObjectMapping: 0.025700 ms MarkObjects: 1.310500 ms  DeleteObjects: 0.043600 ms)

========================================================================
Received Prepare
Registering precompiled user dll's ...
Registered in 0.002946 seconds.
Begin MonoManager ReloadAssembly
Native extension for WindowsStandalone target not found
Native extension for WebGL target not found
Refreshing native plugins compatible for Editor in 0.34 ms, found 2 plugins.
Preloading 0 native plugins for Editor in 0.00 ms.
Mono: successfully reloaded assembly
- Completed reload, in  0.662 seconds
Platform modules already initialized, skipping
Refreshing native plugins compatible for Editor in 0.35 ms, found 2 plugins.
Preloading 0 native plugins for Editor in 0.00 ms.
Unloading 1609 Unused Serialized files (Serialized files now loaded: 0)
System memory in use before: 76.2 MB.
System memory in use after: 76.3 MB.

Unloading 19 unused Assets to reduce memory usage. Loaded Objects now: 2109.
Total: 1.485600 ms (FindLiveObjects: 0.114300 ms CreateObjectMapping: 0.026300 ms MarkObjects: 1.298200 ms  DeleteObjects: 0.046200 ms)

========================================================================
Received Import Request.
  Time since last request: 1055.404774 seconds.
  path: Assets/Scripts/Photon/PlayerInfo.cs
  artifactKey: Guid(fc83fc708058966459d653d622f897e1) Importer(815301076,1909f56bfc062723c751e8b465ee728b)
Start importing Assets/Scripts/Photon/PlayerInfo.cs using Guid(fc83fc708058966459d653d622f897e1) Importer(815301076,1909f56bfc062723c751e8b465ee728b)  -> (artifact id: '77436fbccd2528c90eae113d396cd447') in 0.004999 seconds
  Import took 0.007480 seconds .

========================================================================
Received Import Request.
  Time since last request: 0.018371 seconds.
  path: Assets/Scripts/Photon/PlayerInfo.cs
  artifactKey: Guid(fc83fc708058966459d653d622f897e1) Importer(815301076,1909f56bfc062723c751e8b465ee728b)
Start importing Assets/Scripts/Photon/PlayerInfo.cs using Guid(fc83fc708058966459d653d622f897e1) Importer(815301076,1909f56bfc062723c751e8b465ee728b)  -> (artifact id: '77436fbccd2528c90eae113d396cd447') in 0.001770 seconds
  Import took 0.003801 seconds .

========================================================================
Received Prepare
Registering precompiled user dll's ...
Registered in 0.002513 seconds.
Begin MonoManager ReloadAssembly
Native extension for WindowsStandalone target not found
Native extension for WebGL target not found
Refreshing native plugins compatible for Editor in 0.33 ms, found 2 plugins.
Preloading 0 native plugins for Editor in 0.00 ms.
Mono: successfully reloaded assembly
- Completed reload, in  0.639 seconds
Platform modules already initialized, skipping
Refreshing native plugins compatible for Editor in 0.45 ms, found 2 plugins.
Preloading 0 native plugins for Editor in 0.00 ms.
Unloading 1609 Unused Serialized files (Serialized files now loaded: 0)
System memory in use before: 76.2 MB.
System memory in use after: 76.3 MB.

Unloading 19 unused Assets to reduce memory usage. Loaded Objects now: 2113.
Total: 1.446700 ms (FindLiveObjects: 0.107900 ms CreateObjectMapping: 0.026300 ms MarkObjects: 1.270600 ms  DeleteObjects: 0.040900 ms)

========================================================================
Received Prepare
Registering precompiled user dll's ...
Registered in 0.002838 seconds.
Begin MonoManager ReloadAssembly
Native extension for WindowsStandalone target not found
Native extension for WebGL target not found
Refreshing native plugins compatible for Editor in 0.46 ms, found 2 plugins.
Preloading 0 native plugins for Editor in 0.00 ms.
Mono: successfully reloaded assembly
- Completed reload, in  0.673 seconds
Platform modules already initialized, skipping
Refreshing native plugins compatible for Editor in 0.32 ms, found 2 plugins.
Preloading 0 native plugins for Editor in 0.00 ms.
Unloading 1609 Unused Serialized files (Serialized files now loaded: 0)
System memory in use before: 76.2 MB.
System memory in use after: 76.3 MB.

Unloading 19 unused Assets to reduce memory usage. Loaded Objects now: 2117.
Total: 1.463500 ms (FindLiveObjects: 0.108000 ms CreateObjectMapping: 0.026400 ms MarkObjects: 1.288900 ms  DeleteObjects: 0.039400 ms)

========================================================================
Received Prepare
Registering precompiled user dll's ...
Registered in 0.003056 seconds.
Begin MonoManager ReloadAssembly
Native extension for WindowsStandalone target not found
Native extension for WebGL target not found
Refreshing native plugins compatible for Editor in 0.39 ms, found 2 plugins.
Preloading 0 native plugins for Editor in 0.00 ms.
Mono: successfully reloaded assembly
- Completed reload, in  0.664 seconds
Platform modules already initialized, skipping
Refreshing native plugins compatible for Editor in 0.32 ms, found 2 plugins.
Preloading 0 native plugins for Editor in 0.00 ms.
Unloading 1609 Unused Serialized files (Serialized files now loaded: 0)
System memory in use before: 76.2 MB.
System memory in use after: 76.3 MB.

Unloading 19 unused Assets to reduce memory usage. Loaded Objects now: 2121.
Total: 1.562800 ms (FindLiveObjects: 0.110400 ms CreateObjectMapping: 0.027300 ms MarkObjects: 1.382800 ms  DeleteObjects: 0.041600 ms)

========================================================================
Received Prepare
Registering precompiled user dll's ...
Registered in 0.002772 seconds.
Begin MonoManager ReloadAssembly
Native extension for WindowsStandalone target not found
Native extension for WebGL target not found
Refreshing native plugins compatible for Editor in 0.37 ms, found 2 plugins.
Preloading 0 native plugins for Editor in 0.00 ms.
Mono: successfully reloaded assembly
- Completed reload, in  0.648 seconds
Platform modules already initialized, skipping
Refreshing native plugins compatible for Editor in 0.34 ms, found 2 plugins.
Preloading 0 native plugins for Editor in 0.00 ms.
Unloading 1609 Unused Serialized files (Serialized files now loaded: 0)
System memory in use before: 76.2 MB.
System memory in use after: 76.3 MB.

Unloading 19 unused Assets to reduce memory usage. Loaded Objects now: 2125.
Total: 1.641300 ms (FindLiveObjects: 0.114400 ms CreateObjectMapping: 0.026800 ms MarkObjects: 1.454500 ms  DeleteObjects: 0.044500 ms)

========================================================================
Received Import Request.
  Time since last request: 265.324739 seconds.
  path: Assets/Scripts/Game Controllers/AvatarSetup.cs
  artifactKey: Guid(17dd9b41b09f2274eab0794eeb5f1503) Importer(815301076,1909f56bfc062723c751e8b465ee728b)
Start importing Assets/Scripts/Game Controllers/AvatarSetup.cs using Guid(17dd9b41b09f2274eab0794eeb5f1503) Importer(815301076,1909f56bfc062723c751e8b465ee728b)  -> (artifact id: 'a1f7bad33d4eb95e81d48bcb30ffa1a0') in 0.008248 seconds
  Import took 0.011430 seconds .

========================================================================
Received Prepare
Registering precompiled user dll's ...
Registered in 0.002662 seconds.
Begin MonoManager ReloadAssembly
Native extension for WindowsStandalone target not found
Native extension for WebGL target not found
Refreshing native plugins compatible for Editor in 0.33 ms, found 2 plugins.
Preloading 0 native plugins for Editor in 0.00 ms.
Mono: successfully reloaded assembly
- Completed reload, in  0.736 seconds
Platform modules already initialized, skipping
Refreshing native plugins compatible for Editor in 0.34 ms, found 2 plugins.
Preloading 0 native plugins for Editor in 0.00 ms.
Unloading 1610 Unused Serialized files (Serialized files now loaded: 0)
System memory in use before: 76.3 MB.
System memory in use after: 76.4 MB.

Unloading 19 unused Assets to reduce memory usage. Loaded Objects now: 2130.
Total: 1.528300 ms (FindLiveObjects: 0.115000 ms CreateObjectMapping: 0.026300 ms MarkObjects: 1.339600 ms  DeleteObjects: 0.046400 ms)

========================================================================
Received Import Request.
  Time since last request: 79.003087 seconds.
  path: Assets/Scripts/Game Controllers/AvatarSetup.cs
  artifactKey: Guid(17dd9b41b09f2274eab0794eeb5f1503) Importer(815301076,1909f56bfc062723c751e8b465ee728b)
Start importing Assets/Scripts/Game Controllers/AvatarSetup.cs using Guid(17dd9b41b09f2274eab0794eeb5f1503) Importer(815301076,1909f56bfc062723c751e8b465ee728b)  -> (artifact id: 'e4cd5ed475b2c6dfbca94e29054a0f7b') in 0.005043 seconds
  Import took 0.008082 seconds .

========================================================================
Received Prepare
Registering precompiled user dll's ...
Registered in 0.002838 seconds.
Begin MonoManager ReloadAssembly
Native extension for WindowsStandalone target not found
Native extension for WebGL target not found
Refreshing native plugins compatible for Editor in 0.33 ms, found 2 plugins.
Preloading 0 native plugins for Editor in 0.00 ms.
Mono: successfully reloaded assembly
- Completed reload, in  0.659 seconds
Platform modules already initialized, skipping
Refreshing native plugins compatible for Editor in 0.32 ms, found 2 plugins.
Preloading 0 native plugins for Editor in 0.00 ms.
Unloading 1610 Unused Serialized files (Serialized files now loaded: 0)
System memory in use before: 76.3 MB.
System memory in use after: 76.4 MB.

Unloading 19 unused Assets to reduce memory usage. Loaded Objects now: 2134.
Total: 1.493800 ms (FindLiveObjects: 0.112500 ms CreateObjectMapping: 0.027800 ms MarkObjects: 1.312000 ms  DeleteObjects: 0.041100 ms)

========================================================================
Received Import Request.
  Time since last request: 466.436452 seconds.
  path: Assets/Scripts/Game Controllers/AvatarSetup.cs
  artifactKey: Guid(17dd9b41b09f2274eab0794eeb5f1503) Importer(815301076,1909f56bfc062723c751e8b465ee728b)
Start importing Assets/Scripts/Game Controllers/AvatarSetup.cs using Guid(17dd9b41b09f2274eab0794eeb5f1503) Importer(815301076,1909f56bfc062723c751e8b465ee728b)  -> (artifact id: '15df0271a1c190a339487f5e7d50ffc4') in 0.003428 seconds
  Import took 0.005448 seconds .

========================================================================
Received Import Request.
  Time since last request: 17.604116 seconds.
  path: Assets/Resources/PhotonPrefabs/PlayerAvatar.prefab
  artifactKey: Guid(c474277828a45cb41af1c2eb86d77a00) Importer(815301076,1909f56bfc062723c751e8b465ee728b)
Start importing Assets/Resources/PhotonPrefabs/PlayerAvatar.prefab using Guid(c474277828a45cb41af1c2eb86d77a00) Importer(815301076,1909f56bfc062723c751e8b465ee728b)  -> (artifact id: 'a95d72395374d57d61092001fc911b08') in 0.055973 seconds
  Import took 0.058393 seconds .

========================================================================
Received Import Request.
  Time since last request: 42.469368 seconds.
  path: Assets/Resources/PhotonPrefabs/PlayerAvatar.prefab
  artifactKey: Guid(c474277828a45cb41af1c2eb86d77a00) Importer(815301076,1909f56bfc062723c751e8b465ee728b)
Start importing Assets/Resources/PhotonPrefabs/PlayerAvatar.prefab using Guid(c474277828a45cb41af1c2eb86d77a00) Importer(815301076,1909f56bfc062723c751e8b465ee728b)  -> (artifact id: '16db864fe23068b195843ac065cbee6a') in 0.007026 seconds
  Import took 0.009790 seconds .

========================================================================
Received Prepare
Registering precompiled user dll's ...
Registered in 0.002753 seconds.
Begin MonoManager ReloadAssembly
Native extension for WindowsStandalone target not found
Native extension for WebGL target not found
Refreshing native plugins compatible for Editor in 0.34 ms, found 2 plugins.
Preloading 0 native plugins for Editor in 0.00 ms.
Mono: successfully reloaded assembly
- Completed reload, in  0.657 seconds
Platform modules already initialized, skipping
Refreshing native plugins compatible for Editor in 0.33 ms, found 2 plugins.
Preloading 0 native plugins for Editor in 0.00 ms.
Unloading 1610 Unused Serialized files (Serialized files now loaded: 0)
System memory in use before: 76.3 MB.
System memory in use after: 76.4 MB.

Unloading 20 unused Assets to reduce memory usage. Loaded Objects now: 2139.
Total: 1.588100 ms (FindLiveObjects: 0.110900 ms CreateObjectMapping: 0.028400 ms MarkObjects: 1.404300 ms  DeleteObjects: 0.043800 ms)

========================================================================
Received Prepare
Refreshing native plugins compatible for Editor in 2.56 ms, found 2 plugins.
Preloading 0 native plugins for Editor in 0.00 ms.
Unloading 17 Unused Serialized files (Serialized files now loaded: 0)
System memory in use before: 44.8 MB.
System memory in use after: 44.9 MB.

Unloading 17 unused Assets to reduce memory usage. Loaded Objects now: 2139.
Total: 1.695600 ms (FindLiveObjects: 0.119400 ms CreateObjectMapping: 0.031200 ms MarkObjects: 1.506700 ms  DeleteObjects: 0.037600 ms)

========================================================================
Received Prepare
Registering precompiled user dll's ...
Registered in 0.002894 seconds.
Begin MonoManager ReloadAssembly
Native extension for WindowsStandalone target not found
Native extension for WebGL target not found
Refreshing native plugins compatible for Editor in 0.34 ms, found 2 plugins.
Preloading 0 native plugins for Editor in 0.00 ms.
Mono: successfully reloaded assembly
- Completed reload, in  0.672 seconds
Platform modules already initialized, skipping
Refreshing native plugins compatible for Editor in 0.32 ms, found 2 plugins.
Preloading 0 native plugins for Editor in 0.00 ms.
Unloading 1610 Unused Serialized files (Serialized files now loaded: 0)
System memory in use before: 76.3 MB.
System memory in use after: 76.4 MB.

Unloading 19 unused Assets to reduce memory usage. Loaded Objects now: 2143.
Total: 1.542100 ms (FindLiveObjects: 0.111200 ms CreateObjectMapping: 0.027100 ms MarkObjects: 1.360300 ms  DeleteObjects: 0.042600 ms)

AssetImportWorkerClient::OnTransportError - code=2 error=End of file
